
/home/runner/work/exp-tapped-density-determination-iitk/exp-tapped-density-determination-iitk/experiment/simulation/js/question.js
  6:7  warning  'quiz' is assigned a value but never used  no-unused-vars

/home/runner/work/exp-tapped-density-determination-iitk/exp-tapped-density-determination-iitk/experiment/simulation/js/script.js
   11:1   warning  '$' is not defined                                    no-undef
   11:29  warning  'e' is defined but never used                         no-unused-vars
   24:22  warning  'rb' is already defined                               no-redeclare
   58:5   warning  '$' is not defined                                    no-undef
   62:1   warning  '$' is not defined                                    no-undef
   62:23  warning  'e' is defined but never used                         no-unused-vars
  136:1   warning  '$' is not defined                                    no-undef
  139:1   warning  Move function declaration to function body root       no-inner-declarations
  143:1   warning  Move function declaration to function body root       no-inner-declarations
  159:1   warning  Move function declaration to function body root       no-inner-declarations
  170:1   warning  Move function declaration to function body root       no-inner-declarations
  189:1   warning  Move function declaration to function body root       no-inner-declarations
  194:1   warning  Move function declaration to function body root       no-inner-declarations
  405:10  warning  'ok_click' is defined but never used                  no-unused-vars
  416:10  warning  'result_click' is defined but never used              no-unused-vars
  422:21  warning  'y' is not defined                                    no-undef
  427:7   warning  'y' is not defined                                    no-undef
  430:12  warning  'y' is not defined                                    no-undef
  451:1   warning  '$' is not defined                                    no-undef
  451:24  warning  'e' is defined but never used                         no-unused-vars
  489:8   warning  'rbs' is already defined                              no-redeclare
  490:22  warning  'rb' is already defined                               no-redeclare
  610:7   warning  '$' is not defined                                    no-undef
  611:1   warning  Mixed spaces and tabs                                 no-mixed-spaces-and-tabs
  612:2   warning  Mixed spaces and tabs                                 no-mixed-spaces-and-tabs
  613:2   warning  Mixed spaces and tabs                                 no-mixed-spaces-and-tabs
  614:1   warning  Mixed spaces and tabs                                 no-mixed-spaces-and-tabs
  615:1   warning  Mixed spaces and tabs                                 no-mixed-spaces-and-tabs
  616:2   warning  Mixed spaces and tabs                                 no-mixed-spaces-and-tabs
  617:1   warning  Mixed spaces and tabs                                 no-mixed-spaces-and-tabs
  618:1   warning  Mixed spaces and tabs                                 no-mixed-spaces-and-tabs
  619:2   warning  Mixed spaces and tabs                                 no-mixed-spaces-and-tabs
  620:2   warning  Mixed spaces and tabs                                 no-mixed-spaces-and-tabs
  621:1   warning  Mixed spaces and tabs                                 no-mixed-spaces-and-tabs
  657:5   warning  'questionCounter' is assigned a value but never used  no-unused-vars
  665:25  warning  'quiz' is not defined                                 no-undef
  667:29  warning  'quiz' is not defined                                 no-undef
  739:10  warning  'getResult' is defined but never used                 no-unused-vars
  753:10  warning  'next' is defined but never used                      no-unused-vars

/home/runner/work/exp-tapped-density-determination-iitk/exp-tapped-density-determination-iitk/experiment/simulation/js/script1.min.js
  2:71     warning  'module' is not defined                                                    no-undef
  2:86     warning  'module' is not defined                                                    no-undef
  2:5821   warning  Unexpected control character(s) in regular expression: \x1f, \x1f          no-control-regex
  2:6304   warning  Expected a conditional expression and instead saw an assignment            no-cond-assign
  2:6528   warning  Expected a conditional expression and instead saw an assignment            no-cond-assign
  2:7036   warning  Expected a conditional expression and instead saw an assignment            no-cond-assign
  2:7806   warning  Expected a conditional expression and instead saw an assignment            no-cond-assign
  2:10072  warning  Expected a conditional expression and instead saw an assignment            no-cond-assign
  2:10382  warning  Expected a conditional expression and instead saw an assignment            no-cond-assign
  2:12396  warning  Expected a conditional expression and instead saw an assignment            no-cond-assign
  2:12964  warning  Expected a conditional expression and instead saw an assignment            no-cond-assign
  2:13002  warning  Expected a conditional expression and instead saw an assignment            no-cond-assign
  2:13985  warning  Expected a conditional expression and instead saw an assignment            no-cond-assign
  2:14297  warning  Expected a conditional expression and instead saw an assignment            no-cond-assign
  2:16125  warning  Expected a conditional expression and instead saw an assignment            no-cond-assign
  2:16396  warning  Expected a conditional expression and instead saw an assignment            no-cond-assign
  2:16594  warning  Expected a conditional expression and instead saw an assignment            no-cond-assign
  2:16968  warning  Do not access Object.prototype method 'hasOwnProperty' from target object  no-prototype-builtins
  2:17658  warning  Expected a conditional expression and instead saw an assignment            no-cond-assign
  2:19478  warning  Expected a conditional expression and instead saw an assignment            no-cond-assign
  2:19578  warning  Expected a conditional expression and instead saw an assignment            no-cond-assign
  2:19638  warning  Expected a conditional expression and instead saw an assignment            no-cond-assign
  2:19822  warning  Expected a conditional expression and instead saw an assignment            no-cond-assign
  2:20991  warning  Expected a conditional expression and instead saw an assignment            no-cond-assign
  2:22263  warning  Expected a conditional expression and instead saw an assignment            no-cond-assign
  2:22374  warning  Expected a conditional expression and instead saw an assignment            no-cond-assign
  2:24540  warning  Unnecessary escape character: \/                                           no-useless-escape
  2:34152  warning  Empty block statement                                                      no-empty
  2:37469  warning  Unnecessary escape character: \/                                           no-useless-escape
  2:39118  warning  Expected a conditional expression and instead saw an assignment            no-cond-assign
  2:39234  warning  Expected a conditional expression and instead saw an assignment            no-cond-assign
  2:39494  warning  Empty block statement                                                      no-empty
  2:49178  warning  Expected a conditional expression and instead saw an assignment            no-cond-assign
  2:50738  warning  Empty block statement                                                      no-empty
  2:58825  warning  Expected a conditional expression and instead saw an assignment            no-cond-assign
  2:60568  warning  Expected a conditional expression and instead saw an assignment            no-cond-assign
  2:60634  warning  Expected a conditional expression and instead saw an assignment            no-cond-assign
  2:60938  warning  Expected a conditional expression and instead saw an assignment            no-cond-assign
  2:61004  warning  Expected a conditional expression and instead saw an assignment            no-cond-assign
  2:61411  warning  Expected a conditional expression and instead saw an assignment            no-cond-assign
  2:61688  warning  Expected a conditional expression and instead saw an assignment            no-cond-assign
  2:68005  warning  Expected a conditional expression and instead saw an assignment            no-cond-assign
  2:71878  warning  'define' is not defined                                                    no-undef
  2:71890  warning  'define' is not defined                                                    no-undef

✖ 84 problems (0 errors, 84 warnings)

